<?xml version="1.0" encoding="UTF-8"?>
<!-- Generated by org.testng.reporters.JUnitReportReporter -->
<testsuite hostname="DESKTOP-PJRNU1D" failures="0" tests="1" name="org.scrolltest.test.TestPostPersom" time="0.412" errors="0" timestamp="2021-02-07T00:15:12 IST" skipped="0">
  <testcase classname="org.scrolltest.test.TestPostPersom" name="createPersonPost" time="0.412"/>
  <system-out/>
</testsuite> <!-- org.scrolltest.test.TestPostPersom -->
