<?xml version="1.0" encoding="UTF-8"?>
<!-- Generated by org.testng.reporters.JUnitReportReporter -->
<testsuite hostname="DESKTOP-PJRNU1D" failures="0" tests="1" name="org.scrolltest.AppTest" time="0.004" errors="0" timestamp="2021-02-07T00:15:12 IST" skipped="0">
  <testcase classname="org.scrolltest.AppTest" name="shouldAnswerWithTrue" time="0.004"/>
  <system-out/>
</testsuite> <!-- org.scrolltest.AppTest -->
